<?xml version="1.0" encoding="UTF-8"?>
<testng-results skipped="0" failed="0" total="5" passed="5">
  <reporter-output>
    <line>
      <![CDATA[Opening application with urlhttps://noc.dtitsupport247.net]]>
    </line>
    <line>
      <![CDATA[Log in to NOC application]]>
    </line>
    <line>
      <![CDATA[Enter login credentials  to ITS portal]]>
    </line>
    <line>
      <![CDATA[Writing user_sdmto Login email id textbox]]>
    </line>
    <line>
      <![CDATA[Writing Sdm@1234to Login password text box]]>
    </line>
    <line>
      <![CDATA[Clicking on  Login button]]>
    </line>
    <line>
      <![CDATA[Clicking on  Close btn on popup]]>
    </line>
    <line>
      <![CDATA[Close btn on popup exists true]]>
    </line>
    <line>
      <![CDATA[Mouse hovering over Activity]]>
    </line>
    <line>
      <![CDATA[Activity exists true]]>
    </line>
    <line>
      <![CDATA[MenuAccessManagement exists true]]>
    </line>
    <line>
      <![CDATA[SwtichGroup exists true]]>
    </line>
    <line>
      <![CDATA[UserManagement exists true]]>
    </line>
    <line>
      <![CDATA[OldEventManagement exists true]]>
    </line>
    <line>
      <![CDATA[AutoTicketRuleVeritas exists true]]>
    </line>
    <line>
      <![CDATA[AllowbypassTL exists true]]>
    </line>
    <line>
      <![CDATA[Addknowledgebase exists true]]>
    </line>
    <line>
      <![CDATA[ManageFAQKBArticle exists true]]>
    </line>
    <line>
      <![CDATA[UpdateUser exists true]]>
    </line>
    <line>
      <![CDATA[MainDashboardConfig exists true]]>
    </line>
    <line>
      <![CDATA[EscalationCategoryRelationship exists true]]>
    </line>
    <line>
      <![CDATA[PartnerNOCSupportconfig exists true]]>
    </line>
    <line>
      <![CDATA[ReasonAssigntoMSP exists true]]>
    </line>
    <line>
      <![CDATA[ManageAutoTicketTemplate exists true]]>
    </line>
    <line>
      <![CDATA[ManageSubStatus exists true]]>
    </line>
    <line>
      <![CDATA[Mouse hovering over Activity]]>
    </line>
    <line>
      <![CDATA[Activity exists true]]>
    </line>
    <line>
      <![CDATA[MenuAccessManagement exists true]]>
    </line>
    <line>
      <![CDATA[SwtichGroup exists true]]>
    </line>
    <line>
      <![CDATA[UserManagement exists true]]>
    </line>
    <line>
      <![CDATA[OldEventManagement exists true]]>
    </line>
    <line>
      <![CDATA[AutoTicketRuleVeritas exists true]]>
    </line>
    <line>
      <![CDATA[AllowbypassTL exists true]]>
    </line>
    <line>
      <![CDATA[Addknowledgebase exists true]]>
    </line>
    <line>
      <![CDATA[ManageFAQKBArticle exists true]]>
    </line>
    <line>
      <![CDATA[UpdateUser exists true]]>
    </line>
    <line>
      <![CDATA[MainDashboardConfig exists true]]>
    </line>
    <line>
      <![CDATA[EscalationCategoryRelationship exists true]]>
    </line>
    <line>
      <![CDATA[PartnerNOCSupportconfig exists true]]>
    </line>
    <line>
      <![CDATA[ReasonAssigntoMSP exists true]]>
    </line>
    <line>
      <![CDATA[ManageAutoTicketTemplate exists true]]>
    </line>
    <line>
      <![CDATA[ManageSubStatus exists true]]>
    </line>
    <line>
      <![CDATA[Mouse hovering over Analysis]]>
    </line>
    <line>
      <![CDATA[Analysis exists true]]>
    </line>
    <line>
      <![CDATA[TicketPerformancereport exists true]]>
    </line>
    <line>
      <![CDATA[Liveuserreport exists true]]>
    </line>
    <line>
      <![CDATA[Alertfluctuation exists true]]>
    </line>
    <line>
      <![CDATA[WorlloadAlert exists true]]>
    </line>
    <line>
      <![CDATA[TicketAnalysisReport exists true]]>
    </line>
    <line>
      <![CDATA[Last24Devicedown exists true]]>
    </line>
    <line>
      <![CDATA[LmiRescueAnalysis exists true]]>
    </line>
    <line>
      <![CDATA[Mouse hovering over ITS247 Tools]]>
    </line>
    <line>
      <![CDATA[ITS247 Tools exists true]]>
    </line>
    <line>
      <![CDATA[ITS247submenu exists true]]>
    </line>
    <line>
      <![CDATA[ITS247submenu exists true]]>
    </line>
    <line>
      <![CDATA[Mouse hovering over ITS247 Tools]]>
    </line>
    <line>
      <![CDATA[ITS247 Tools exists true]]>
    </line>
    <line>
      <![CDATA[ITS247submenu exists true]]>
    </line>
    <line>
      <![CDATA[ITS247submenu exists true]]>
    </line>
    <line>
      <![CDATA[Mouse hovering over ITS247 Tools]]>
    </line>
    <line>
      <![CDATA[ITS247 Tools exists true]]>
    </line>
    <line>
      <![CDATA[ITS247submenu exists true]]>
    </line>
    <line>
      <![CDATA[ITS247submenu exists true]]>
    </line>
    <line>
      <![CDATA[Mouse hovering over Management]]>
    </line>
    <line>
      <![CDATA[Management exists true]]>
    </line>
    <line>
      <![CDATA[IntellimonAlerts exists true]]>
    </line>
    <line>
      <![CDATA[Alerts exists true]]>
    </line>
    <line>
      <![CDATA[Tickets exists true]]>
    </line>
    <line>
      <![CDATA[TamIndiaDashboard exists true]]>
    </line>
    <line>
      <![CDATA[PartnerFeedback exists true]]>
    </line>
    <line>
      <![CDATA[PartnerFlag exists true]]>
    </line>
    <line>
      <![CDATA[ManagedCustomerSurvetDetails exists true]]>
    </line>
    <line>
      <![CDATA[ConnectwiseSiteMapping exists true]]>
    </line>
    <line>
      <![CDATA[ConnectwiseSiteMapping exists true]]>
    </line>
    <line>
      <![CDATA[SLADashboardConditionMapping exists true]]>
    </line>
    <line>
      <![CDATA[ManagedPSAPartnetUser exists true]]>
    </line>
    <line>
      <![CDATA[Priotization exists true]]>
    </line>
    <line>
      <![CDATA[NOCWorkflowRedesign exists true]]>
    </line>
    <line>
      <![CDATA[EmailtoTicket exists true]]>
    </line>
    <line>
      <![CDATA[Mouse hovering over Management]]>
    </line>
    <line>
      <![CDATA[Management exists true]]>
    </line>
    <line>
      <![CDATA[IntellimonAlerts exists true]]>
    </line>
    <line>
      <![CDATA[Alerts exists true]]>
    </line>
    <line>
      <![CDATA[Tickets exists true]]>
    </line>
    <line>
      <![CDATA[TamIndiaDashboard exists true]]>
    </line>
    <line>
      <![CDATA[PartnerFeedback exists true]]>
    </line>
    <line>
      <![CDATA[PartnerFlag exists true]]>
    </line>
    <line>
      <![CDATA[ManagedCustomerSurvetDetails exists true]]>
    </line>
    <line>
      <![CDATA[ConnectwiseSiteMapping exists true]]>
    </line>
    <line>
      <![CDATA[ConnectwiseSiteMapping exists true]]>
    </line>
    <line>
      <![CDATA[SLADashboardConditionMapping exists true]]>
    </line>
    <line>
      <![CDATA[ManagedPSAPartnetUser exists true]]>
    </line>
    <line>
      <![CDATA[Priotization exists true]]>
    </line>
    <line>
      <![CDATA[NOCWorkflowRedesign exists true]]>
    </line>
    <line>
      <![CDATA[EmailtoTicket exists true]]>
    </line>
    <line>
      <![CDATA[Mouse hovering over Settings]]>
    </line>
    <line>
      <![CDATA[Settings exists true]]>
    </line>
    <line>
      <![CDATA[Usersettings exists true]]>
    </line>
    <line>
      <![CDATA[MessageBoard exists true]]>
    </line>
    <line>
      <![CDATA[ViewFAQ exists true]]>
    </line>
    <line>
      <![CDATA[Scheduledticketdue exists true]]>
    </line>
    <line>
      <![CDATA[Closedalertreminder exists true]]>
    </line>
    <line>
      <![CDATA[Handoverrequest exists true]]>
    </line>
    <line>
      <![CDATA[Handoverrecive exists true]]>
    </line>
    <line>
      <![CDATA[Mouse hovering over Settings]]>
    </line>
    <line>
      <![CDATA[Settings exists true]]>
    </line>
    <line>
      <![CDATA[Usersettings exists true]]>
    </line>
    <line>
      <![CDATA[MessageBoard exists true]]>
    </line>
    <line>
      <![CDATA[ViewFAQ exists true]]>
    </line>
    <line>
      <![CDATA[Scheduledticketdue exists true]]>
    </line>
    <line>
      <![CDATA[Closedalertreminder exists true]]>
    </line>
    <line>
      <![CDATA[Handoverrequest exists true]]>
    </line>
    <line>
      <![CDATA[Handoverrecive exists true]]>
    </line>
    <line>
      <![CDATA[Mouse hovering over Report]]>
    </line>
    <line>
      <![CDATA[Report exists true]]>
    </line>
    <line>
      <![CDATA[MNList exists true]]>
    </line>
    <line>
      <![CDATA[Alert exists true]]>
    </line>
    <line>
      <![CDATA[ReportTicket exists true]]>
    </line>
    <line>
      <![CDATA[NOCUsersReport exists true]]>
    </line>
    <line>
      <![CDATA[ReportITS247Tools exists true]]>
    </line>
    <line>
      <![CDATA[EscalationAuditReport exists true]]>
    </line>
    <line>
      <![CDATA[PartnerDefinedMonitoring exists true]]>
    </line>
    <line>
      <![CDATA[PartnerSupportPortal exists true]]>
    </line>
    <line>
      <![CDATA[PerformanceReport exists true]]>
    </line>
    <line>
      <![CDATA[PSAReport exists true]]>
    </line>
    <line>
      <![CDATA[PartnetAlertCQTicketDetails exists true]]>
    </line>
    <line>
      <![CDATA[NOCMISReport exists true]]>
    </line>
    <line>
      <![CDATA[RealTimePlayStatusManagement exists true]]>
    </line>
    <line>
      <![CDATA[FalseAlarmReport exists true]]>
    </line>
    <line>
      <![CDATA[SMSSummaryReport exists true]]>
    </line>
    <line>
      <![CDATA[IntellimonKnowledgebaseReport exists true]]>
    </line>
    <line>
      <![CDATA[CustomerFeedbackSurveyReport exists true]]>
    </line>
    <line>
      <![CDATA[TechAdvantageReport exists true]]>
    </line>
    <line>
      <![CDATA[MSPUserDetails exists true]]>
    </line>
    <line>
      <![CDATA[ManualSurverDetails exists true]]>
    </line>
    <line>
      <![CDATA[Mouse hovering over Report]]>
    </line>
    <line>
      <![CDATA[Report exists true]]>
    </line>
    <line>
      <![CDATA[MNList exists true]]>
    </line>
    <line>
      <![CDATA[Alert exists true]]>
    </line>
    <line>
      <![CDATA[ReportTicket exists true]]>
    </line>
    <line>
      <![CDATA[NOCUsersReport exists true]]>
    </line>
    <line>
      <![CDATA[ReportITS247Tools exists true]]>
    </line>
    <line>
      <![CDATA[EscalationAuditReport exists true]]>
    </line>
    <line>
      <![CDATA[PartnerDefinedMonitoring exists true]]>
    </line>
    <line>
      <![CDATA[PartnerSupportPortal exists true]]>
    </line>
    <line>
      <![CDATA[PerformanceReport exists true]]>
    </line>
    <line>
      <![CDATA[PSAReport exists true]]>
    </line>
    <line>
      <![CDATA[PartnetAlertCQTicketDetails exists true]]>
    </line>
    <line>
      <![CDATA[NOCMISReport exists true]]>
    </line>
    <line>
      <![CDATA[RealTimePlayStatusManagement exists true]]>
    </line>
    <line>
      <![CDATA[FalseAlarmReport exists true]]>
    </line>
    <line>
      <![CDATA[SMSSummaryReport exists true]]>
    </line>
    <line>
      <![CDATA[IntellimonKnowledgebaseReport exists true]]>
    </line>
    <line>
      <![CDATA[CustomerFeedbackSurveyReport exists true]]>
    </line>
    <line>
      <![CDATA[TechAdvantageReport exists true]]>
    </line>
    <line>
      <![CDATA[MSPUserDetails exists true]]>
    </line>
    <line>
      <![CDATA[ManualSurverDetails exists true]]>
    </line>
    <line>
      <![CDATA[Mouse hovering over DashboardInbox]]>
    </line>
    <line>
      <![CDATA[DashboardInbox exists true]]>
    </line>
    <line>
      <![CDATA[PartnetCommunicationInbox exists true]]>
    </line>
    <line>
      <![CDATA[TeamboxShort exists true]]>
    </line>
    <line>
      <![CDATA[GlobalServiceDeskInbox exists true]]>
    </line>
    <line>
      <![CDATA[NocWorkflowRedesignBeta exists true]]>
    </line>
    <line>
      <![CDATA[ContinuumVaultDashboard exists true]]>
    </line>
    <line>
      <![CDATA[OffHRmaint exists true]]>
    </line>
    <line>
      <![CDATA[ServerAlerts exists true]]>
    </line>
    <line>
      <![CDATA[VeritasBackupAlert exists true]]>
    </line>
    <line>
      <![CDATA[CommonAlert exists true]]>
    </line>
    <line>
      <![CDATA[DeviceDownPreprocessing exists true]]>
    </line>
    <line>
      <![CDATA[AgentMalfunctionInbox exists true]]>
    </line>
    <line>
      <![CDATA[ApplicationMonitoring exists true]]>
    </line>
    <line>
      <![CDATA[CallingQueue exists true]]>
    </line>
    <line>
      <![CDATA[PreventiveMaintenanceInbox exists true]]>
    </line>
    <line>
      <![CDATA[EmergencyLowDiskSpace exists true]]>
    </line>
    <line>
      <![CDATA[EmailTransactionMonitoring exists true]]>
    </line>
    <line>
      <![CDATA[VSSWriterAlerts exists true]]>
    </line>
    <line>
      <![CDATA[PCService exists true]]>
    </line>
    <line>
      <![CDATA[ServerProjects exists true]]>
    </line>
    <line>
      <![CDATA[LinuxDashboard exists true]]>
    </line>
    <line>
      <![CDATA[TechAdvantageDesktop exists true]]>
    </line>
    <line>
      <![CDATA[TechAdvantageServer exists true]]>
    </line>
    <line>
      <![CDATA[PSAMonitoringDashboard exists true]]>
    </line>
    <line>
      <![CDATA[SLADashboardAlert exists true]]>
    </line>
    <line>
      <![CDATA[SLADashboardTickets exists true]]>
    </line>
    <line>
      <![CDATA[PSTInbox exists true]]>
    </line>
    <line>
      <![CDATA[Mouse hovering over DashboardInbox]]>
    </line>
    <line>
      <![CDATA[DashboardInbox exists true]]>
    </line>
    <line>
      <![CDATA[PartnetCommunicationInbox exists true]]>
    </line>
    <line>
      <![CDATA[TeamboxShort exists true]]>
    </line>
    <line>
      <![CDATA[GlobalServiceDeskInbox exists true]]>
    </line>
    <line>
      <![CDATA[NocWorkflowRedesignBeta exists true]]>
    </line>
    <line>
      <![CDATA[ContinuumVaultDashboard exists true]]>
    </line>
    <line>
      <![CDATA[OffHRmaint exists true]]>
    </line>
    <line>
      <![CDATA[ServerAlerts exists true]]>
    </line>
    <line>
      <![CDATA[VeritasBackupAlert exists true]]>
    </line>
    <line>
      <![CDATA[CommonAlert exists true]]>
    </line>
    <line>
      <![CDATA[DeviceDownPreprocessing exists true]]>
    </line>
    <line>
      <![CDATA[AgentMalfunctionInbox exists true]]>
    </line>
    <line>
      <![CDATA[ApplicationMonitoring exists true]]>
    </line>
    <line>
      <![CDATA[CallingQueue exists true]]>
    </line>
    <line>
      <![CDATA[PreventiveMaintenanceInbox exists true]]>
    </line>
    <line>
      <![CDATA[EmergencyLowDiskSpace exists true]]>
    </line>
    <line>
      <![CDATA[EmailTransactionMonitoring exists true]]>
    </line>
    <line>
      <![CDATA[VSSWriterAlerts exists true]]>
    </line>
    <line>
      <![CDATA[PCService exists true]]>
    </line>
    <line>
      <![CDATA[ServerProjects exists true]]>
    </line>
    <line>
      <![CDATA[LinuxDashboard exists true]]>
    </line>
    <line>
      <![CDATA[TechAdvantageDesktop exists true]]>
    </line>
    <line>
      <![CDATA[TechAdvantageServer exists true]]>
    </line>
    <line>
      <![CDATA[PSAMonitoringDashboard exists true]]>
    </line>
    <line>
      <![CDATA[SLADashboardAlert exists true]]>
    </line>
    <line>
      <![CDATA[SLADashboardTickets exists true]]>
    </line>
    <line>
      <![CDATA[PSTInbox exists true]]>
    </line>
    <line>
      <![CDATA[Mouse hovering over QuickReports]]>
    </line>
    <line>
      <![CDATA[QuickReports exists true]]>
    </line>
    <line>
      <![CDATA[TicketReport exists true]]>
    </line>
    <line>
      <![CDATA[AlertReport exists true]]>
    </line>
    <line>
      <![CDATA[QRMNList exists true]]>
    </line>
    <line>
      <![CDATA[AlertsCount exists true]]>
    </line>
    <line>
      <![CDATA[EmergencyAlert exists true]]>
    </line>
    <line>
      <![CDATA[NOCDefinedApplication exists true]]>
    </line>
    <line>
      <![CDATA[UserPresenceAllocation exists true]]>
    </line>
    <line>
      <![CDATA[QRCallingQueue exists true]]>
    </line>
    <line>
      <![CDATA[ConditionalMonitoringReport exists true]]>
    </line>
    <line>
      <![CDATA[UserReview exists true]]>
    </line>
    <line>
      <![CDATA[MSOQuickSearch exists true]]>
    </line>
    <line>
      <![CDATA[MACAgentReport exists true]]>
    </line>
    <line>
      <![CDATA[RMMAgentReport exists true]]>
    </line>
    <line>
      <![CDATA[VaultAgentReport exists true]]>
    </line>
    <line>
      <![CDATA[MSPReasonCodesReport exists true]]>
    </line>
    <line>
      <![CDATA[HistoricalData exists true]]>
    </line>
    <line>
      <![CDATA[TicketSynclog exists true]]>
    </line>
    <line>
      <![CDATA[RMMVaultC247Reports exists true]]>
    </line>
    <line>
      <![CDATA[AlertTicketAgingReport exists true]]>
    </line>
    <line>
      <![CDATA[SLAMissedHourlyFlowReport exists true]]>
    </line>
    <line>
      <![CDATA[RightAnswersReport exists true]]>
    </line>
    <line>
      <![CDATA[RightAnswersReport exists true]]>
    </line>
    <line>
      <![CDATA[SubStatusReport exists true]]>
    </line>
    <line>
      <![CDATA[ServerProjectSubStatusReport exists true]]>
    </line>
    <line>
      <![CDATA[RightAnswerUtilization exists true]]>
    </line>
    <line>
      <![CDATA[Mouse hovering over QuickReports]]>
    </line>
    <line>
      <![CDATA[QuickReports exists true]]>
    </line>
    <line>
      <![CDATA[TicketReport exists true]]>
    </line>
    <line>
      <![CDATA[AlertReport exists true]]>
    </line>
    <line>
      <![CDATA[QRMNList exists true]]>
    </line>
    <line>
      <![CDATA[AlertsCount exists true]]>
    </line>
    <line>
      <![CDATA[EmergencyAlert exists true]]>
    </line>
    <line>
      <![CDATA[NOCDefinedApplication exists true]]>
    </line>
    <line>
      <![CDATA[UserPresenceAllocation exists true]]>
    </line>
    <line>
      <![CDATA[QRCallingQueue exists true]]>
    </line>
    <line>
      <![CDATA[ConditionalMonitoringReport exists true]]>
    </line>
    <line>
      <![CDATA[UserReview exists true]]>
    </line>
    <line>
      <![CDATA[MSOQuickSearch exists true]]>
    </line>
    <line>
      <![CDATA[MACAgentReport exists true]]>
    </line>
    <line>
      <![CDATA[RMMAgentReport exists true]]>
    </line>
    <line>
      <![CDATA[VaultAgentReport exists true]]>
    </line>
    <line>
      <![CDATA[MSPReasonCodesReport exists true]]>
    </line>
    <line>
      <![CDATA[HistoricalData exists true]]>
    </line>
    <line>
      <![CDATA[TicketSynclog exists true]]>
    </line>
    <line>
      <![CDATA[RMMVaultC247Reports exists true]]>
    </line>
    <line>
      <![CDATA[AlertTicketAgingReport exists true]]>
    </line>
    <line>
      <![CDATA[SLAMissedHourlyFlowReport exists true]]>
    </line>
    <line>
      <![CDATA[RightAnswersReport exists true]]>
    </line>
    <line>
      <![CDATA[RightAnswersReport exists true]]>
    </line>
    <line>
      <![CDATA[SubStatusReport exists true]]>
    </line>
    <line>
      <![CDATA[ServerProjectSubStatusReport exists true]]>
    </line>
    <line>
      <![CDATA[RightAnswerUtilization exists true]]>
    </line>
    <line>
      <![CDATA[*****  feature test has Passed *****]]>
    </line>
    <line>
      <![CDATA[*****  feature test has Passed *****]]>
    </line>
    <line>
      <![CDATA[*****  feature test has Passed *****]]>
    </line>
    <line>
      <![CDATA[*****  feature test has Passed *****]]>
    </line>
    <line>
      <![CDATA[*****  feature test has Passed *****]]>
    </line>
  </reporter-output>
  <suite name="BDTSuite" duration-ms="126068" started-at="2016-10-21T14:07:11Z" finished-at="2016-10-21T14:09:17Z">
    <groups>
      <group name="cucumber">
        <method signature="Runner.feature(cucumber.api.testng.CucumberFeatureWrapper)[pri:0, instance:continuum.cucumber.testRunner.Runner@6245d652]" name="feature" class="continuum.cucumber.testRunner.Runner"/>
        <method signature="TestRunner.feature(cucumber.api.testng.CucumberFeatureWrapper)[pri:0, instance:continuum.cucumber.testRunner.TestRunner@10c1a3b4]" name="feature" class="continuum.cucumber.testRunner.TestRunner"/>
      </group> <!-- cucumber -->
    </groups>
    <test name="PSA-Test" duration-ms="126068" started-at="2016-10-21T14:07:11Z" finished-at="2016-10-21T14:09:17Z">
      <class name="continuum.cucumber.testRunner.TestRunner">
        <test-method status="PASS" signature="beforeTest()[pri:0, instance:continuum.cucumber.testRunner.TestRunner@10c1a3b4]" name="beforeTest" is-config="true" duration-ms="2370" started-at="2016-10-21T19:37:14Z" finished-at="2016-10-21T19:37:17Z">
          <reporter-output>
          </reporter-output>
        </test-method> <!-- beforeTest -->
        <test-method status="PASS" signature="setUpClass()[pri:0, instance:continuum.cucumber.testRunner.TestRunner@10c1a3b4]" name="setUpClass" is-config="true" duration-ms="215" started-at="2016-10-21T19:37:17Z" finished-at="2016-10-21T19:37:17Z">
          <reporter-output>
          </reporter-output>
        </test-method> <!-- setUpClass -->
        <test-method status="PASS" signature="feature(cucumber.api.testng.CucumberFeatureWrapper)[pri:0, instance:continuum.cucumber.testRunner.TestRunner@10c1a3b4]" name="feature" duration-ms="92367" started-at="2016-10-21T19:37:17Z" description="Runs Cucumber Feature" data-provider="features" finished-at="2016-10-21T19:38:49Z">
          <params>
            <param index="0">
              <value>
                <![CDATA[As a user I want to check all sub Menus in all Main Menus of NOC Portal]]>
              </value>
            </param>
          </params>
          <reporter-output>
            <line>
              <![CDATA[Opening application with urlhttps://noc.dtitsupport247.net]]>
            </line>
            <line>
              <![CDATA[Log in to NOC application]]>
            </line>
            <line>
              <![CDATA[Enter login credentials  to ITS portal]]>
            </line>
            <line>
              <![CDATA[Writing user_sdmto Login email id textbox]]>
            </line>
            <line>
              <![CDATA[Writing Sdm@1234to Login password text box]]>
            </line>
            <line>
              <![CDATA[Clicking on  Login button]]>
            </line>
            <line>
              <![CDATA[Clicking on  Close btn on popup]]>
            </line>
            <line>
              <![CDATA[Close btn on popup exists true]]>
            </line>
            <line>
              <![CDATA[Mouse hovering over Activity]]>
            </line>
            <line>
              <![CDATA[Activity exists true]]>
            </line>
            <line>
              <![CDATA[MenuAccessManagement exists true]]>
            </line>
            <line>
              <![CDATA[SwtichGroup exists true]]>
            </line>
            <line>
              <![CDATA[UserManagement exists true]]>
            </line>
            <line>
              <![CDATA[OldEventManagement exists true]]>
            </line>
            <line>
              <![CDATA[AutoTicketRuleVeritas exists true]]>
            </line>
            <line>
              <![CDATA[AllowbypassTL exists true]]>
            </line>
            <line>
              <![CDATA[Addknowledgebase exists true]]>
            </line>
            <line>
              <![CDATA[ManageFAQKBArticle exists true]]>
            </line>
            <line>
              <![CDATA[UpdateUser exists true]]>
            </line>
            <line>
              <![CDATA[MainDashboardConfig exists true]]>
            </line>
            <line>
              <![CDATA[EscalationCategoryRelationship exists true]]>
            </line>
            <line>
              <![CDATA[PartnerNOCSupportconfig exists true]]>
            </line>
            <line>
              <![CDATA[ReasonAssigntoMSP exists true]]>
            </line>
            <line>
              <![CDATA[ManageAutoTicketTemplate exists true]]>
            </line>
            <line>
              <![CDATA[ManageSubStatus exists true]]>
            </line>
            <line>
              <![CDATA[Mouse hovering over Activity]]>
            </line>
            <line>
              <![CDATA[Activity exists true]]>
            </line>
            <line>
              <![CDATA[MenuAccessManagement exists true]]>
            </line>
            <line>
              <![CDATA[SwtichGroup exists true]]>
            </line>
            <line>
              <![CDATA[UserManagement exists true]]>
            </line>
            <line>
              <![CDATA[OldEventManagement exists true]]>
            </line>
            <line>
              <![CDATA[AutoTicketRuleVeritas exists true]]>
            </line>
            <line>
              <![CDATA[AllowbypassTL exists true]]>
            </line>
            <line>
              <![CDATA[Addknowledgebase exists true]]>
            </line>
            <line>
              <![CDATA[ManageFAQKBArticle exists true]]>
            </line>
            <line>
              <![CDATA[UpdateUser exists true]]>
            </line>
            <line>
              <![CDATA[MainDashboardConfig exists true]]>
            </line>
            <line>
              <![CDATA[EscalationCategoryRelationship exists true]]>
            </line>
            <line>
              <![CDATA[PartnerNOCSupportconfig exists true]]>
            </line>
            <line>
              <![CDATA[ReasonAssigntoMSP exists true]]>
            </line>
            <line>
              <![CDATA[ManageAutoTicketTemplate exists true]]>
            </line>
            <line>
              <![CDATA[ManageSubStatus exists true]]>
            </line>
            <line>
              <![CDATA[Mouse hovering over Analysis]]>
            </line>
            <line>
              <![CDATA[Analysis exists true]]>
            </line>
            <line>
              <![CDATA[TicketPerformancereport exists true]]>
            </line>
            <line>
              <![CDATA[Liveuserreport exists true]]>
            </line>
            <line>
              <![CDATA[Alertfluctuation exists true]]>
            </line>
            <line>
              <![CDATA[WorlloadAlert exists true]]>
            </line>
            <line>
              <![CDATA[TicketAnalysisReport exists true]]>
            </line>
            <line>
              <![CDATA[Last24Devicedown exists true]]>
            </line>
            <line>
              <![CDATA[LmiRescueAnalysis exists true]]>
            </line>
            <line>
              <![CDATA[Mouse hovering over ITS247 Tools]]>
            </line>
            <line>
              <![CDATA[ITS247 Tools exists true]]>
            </line>
            <line>
              <![CDATA[ITS247submenu exists true]]>
            </line>
            <line>
              <![CDATA[ITS247submenu exists true]]>
            </line>
            <line>
              <![CDATA[Mouse hovering over ITS247 Tools]]>
            </line>
            <line>
              <![CDATA[ITS247 Tools exists true]]>
            </line>
            <line>
              <![CDATA[ITS247submenu exists true]]>
            </line>
            <line>
              <![CDATA[ITS247submenu exists true]]>
            </line>
            <line>
              <![CDATA[Mouse hovering over ITS247 Tools]]>
            </line>
            <line>
              <![CDATA[ITS247 Tools exists true]]>
            </line>
            <line>
              <![CDATA[ITS247submenu exists true]]>
            </line>
            <line>
              <![CDATA[ITS247submenu exists true]]>
            </line>
            <line>
              <![CDATA[Mouse hovering over Management]]>
            </line>
            <line>
              <![CDATA[Management exists true]]>
            </line>
            <line>
              <![CDATA[IntellimonAlerts exists true]]>
            </line>
            <line>
              <![CDATA[Alerts exists true]]>
            </line>
            <line>
              <![CDATA[Tickets exists true]]>
            </line>
            <line>
              <![CDATA[TamIndiaDashboard exists true]]>
            </line>
            <line>
              <![CDATA[PartnerFeedback exists true]]>
            </line>
            <line>
              <![CDATA[PartnerFlag exists true]]>
            </line>
            <line>
              <![CDATA[ManagedCustomerSurvetDetails exists true]]>
            </line>
            <line>
              <![CDATA[ConnectwiseSiteMapping exists true]]>
            </line>
            <line>
              <![CDATA[ConnectwiseSiteMapping exists true]]>
            </line>
            <line>
              <![CDATA[SLADashboardConditionMapping exists true]]>
            </line>
            <line>
              <![CDATA[ManagedPSAPartnetUser exists true]]>
            </line>
            <line>
              <![CDATA[Priotization exists true]]>
            </line>
            <line>
              <![CDATA[NOCWorkflowRedesign exists true]]>
            </line>
            <line>
              <![CDATA[EmailtoTicket exists true]]>
            </line>
            <line>
              <![CDATA[Mouse hovering over Management]]>
            </line>
            <line>
              <![CDATA[Management exists true]]>
            </line>
            <line>
              <![CDATA[IntellimonAlerts exists true]]>
            </line>
            <line>
              <![CDATA[Alerts exists true]]>
            </line>
            <line>
              <![CDATA[Tickets exists true]]>
            </line>
            <line>
              <![CDATA[TamIndiaDashboard exists true]]>
            </line>
            <line>
              <![CDATA[PartnerFeedback exists true]]>
            </line>
            <line>
              <![CDATA[PartnerFlag exists true]]>
            </line>
            <line>
              <![CDATA[ManagedCustomerSurvetDetails exists true]]>
            </line>
            <line>
              <![CDATA[ConnectwiseSiteMapping exists true]]>
            </line>
            <line>
              <![CDATA[ConnectwiseSiteMapping exists true]]>
            </line>
            <line>
              <![CDATA[SLADashboardConditionMapping exists true]]>
            </line>
            <line>
              <![CDATA[ManagedPSAPartnetUser exists true]]>
            </line>
            <line>
              <![CDATA[Priotization exists true]]>
            </line>
            <line>
              <![CDATA[NOCWorkflowRedesign exists true]]>
            </line>
            <line>
              <![CDATA[EmailtoTicket exists true]]>
            </line>
            <line>
              <![CDATA[Mouse hovering over Settings]]>
            </line>
            <line>
              <![CDATA[Settings exists true]]>
            </line>
            <line>
              <![CDATA[Usersettings exists true]]>
            </line>
            <line>
              <![CDATA[MessageBoard exists true]]>
            </line>
            <line>
              <![CDATA[ViewFAQ exists true]]>
            </line>
            <line>
              <![CDATA[Scheduledticketdue exists true]]>
            </line>
            <line>
              <![CDATA[Closedalertreminder exists true]]>
            </line>
            <line>
              <![CDATA[Handoverrequest exists true]]>
            </line>
            <line>
              <![CDATA[Handoverrecive exists true]]>
            </line>
            <line>
              <![CDATA[Mouse hovering over Settings]]>
            </line>
            <line>
              <![CDATA[Settings exists true]]>
            </line>
            <line>
              <![CDATA[Usersettings exists true]]>
            </line>
            <line>
              <![CDATA[MessageBoard exists true]]>
            </line>
            <line>
              <![CDATA[ViewFAQ exists true]]>
            </line>
            <line>
              <![CDATA[Scheduledticketdue exists true]]>
            </line>
            <line>
              <![CDATA[Closedalertreminder exists true]]>
            </line>
            <line>
              <![CDATA[Handoverrequest exists true]]>
            </line>
            <line>
              <![CDATA[Handoverrecive exists true]]>
            </line>
            <line>
              <![CDATA[Mouse hovering over Report]]>
            </line>
            <line>
              <![CDATA[Report exists true]]>
            </line>
            <line>
              <![CDATA[MNList exists true]]>
            </line>
            <line>
              <![CDATA[Alert exists true]]>
            </line>
            <line>
              <![CDATA[ReportTicket exists true]]>
            </line>
            <line>
              <![CDATA[NOCUsersReport exists true]]>
            </line>
            <line>
              <![CDATA[ReportITS247Tools exists true]]>
            </line>
            <line>
              <![CDATA[EscalationAuditReport exists true]]>
            </line>
            <line>
              <![CDATA[PartnerDefinedMonitoring exists true]]>
            </line>
            <line>
              <![CDATA[PartnerSupportPortal exists true]]>
            </line>
            <line>
              <![CDATA[PerformanceReport exists true]]>
            </line>
            <line>
              <![CDATA[PSAReport exists true]]>
            </line>
            <line>
              <![CDATA[PartnetAlertCQTicketDetails exists true]]>
            </line>
            <line>
              <![CDATA[NOCMISReport exists true]]>
            </line>
            <line>
              <![CDATA[RealTimePlayStatusManagement exists true]]>
            </line>
            <line>
              <![CDATA[FalseAlarmReport exists true]]>
            </line>
            <line>
              <![CDATA[SMSSummaryReport exists true]]>
            </line>
            <line>
              <![CDATA[IntellimonKnowledgebaseReport exists true]]>
            </line>
            <line>
              <![CDATA[CustomerFeedbackSurveyReport exists true]]>
            </line>
            <line>
              <![CDATA[TechAdvantageReport exists true]]>
            </line>
            <line>
              <![CDATA[MSPUserDetails exists true]]>
            </line>
            <line>
              <![CDATA[ManualSurverDetails exists true]]>
            </line>
            <line>
              <![CDATA[Mouse hovering over Report]]>
            </line>
            <line>
              <![CDATA[Report exists true]]>
            </line>
            <line>
              <![CDATA[MNList exists true]]>
            </line>
            <line>
              <![CDATA[Alert exists true]]>
            </line>
            <line>
              <![CDATA[ReportTicket exists true]]>
            </line>
            <line>
              <![CDATA[NOCUsersReport exists true]]>
            </line>
            <line>
              <![CDATA[ReportITS247Tools exists true]]>
            </line>
            <line>
              <![CDATA[EscalationAuditReport exists true]]>
            </line>
            <line>
              <![CDATA[PartnerDefinedMonitoring exists true]]>
            </line>
            <line>
              <![CDATA[PartnerSupportPortal exists true]]>
            </line>
            <line>
              <![CDATA[PerformanceReport exists true]]>
            </line>
            <line>
              <![CDATA[PSAReport exists true]]>
            </line>
            <line>
              <![CDATA[PartnetAlertCQTicketDetails exists true]]>
            </line>
            <line>
              <![CDATA[NOCMISReport exists true]]>
            </line>
            <line>
              <![CDATA[RealTimePlayStatusManagement exists true]]>
            </line>
            <line>
              <![CDATA[FalseAlarmReport exists true]]>
            </line>
            <line>
              <![CDATA[SMSSummaryReport exists true]]>
            </line>
            <line>
              <![CDATA[IntellimonKnowledgebaseReport exists true]]>
            </line>
            <line>
              <![CDATA[CustomerFeedbackSurveyReport exists true]]>
            </line>
            <line>
              <![CDATA[TechAdvantageReport exists true]]>
            </line>
            <line>
              <![CDATA[MSPUserDetails exists true]]>
            </line>
            <line>
              <![CDATA[ManualSurverDetails exists true]]>
            </line>
            <line>
              <![CDATA[Mouse hovering over DashboardInbox]]>
            </line>
            <line>
              <![CDATA[DashboardInbox exists true]]>
            </line>
            <line>
              <![CDATA[PartnetCommunicationInbox exists true]]>
            </line>
            <line>
              <![CDATA[TeamboxShort exists true]]>
            </line>
            <line>
              <![CDATA[GlobalServiceDeskInbox exists true]]>
            </line>
            <line>
              <![CDATA[NocWorkflowRedesignBeta exists true]]>
            </line>
            <line>
              <![CDATA[ContinuumVaultDashboard exists true]]>
            </line>
            <line>
              <![CDATA[OffHRmaint exists true]]>
            </line>
            <line>
              <![CDATA[ServerAlerts exists true]]>
            </line>
            <line>
              <![CDATA[VeritasBackupAlert exists true]]>
            </line>
            <line>
              <![CDATA[CommonAlert exists true]]>
            </line>
            <line>
              <![CDATA[DeviceDownPreprocessing exists true]]>
            </line>
            <line>
              <![CDATA[AgentMalfunctionInbox exists true]]>
            </line>
            <line>
              <![CDATA[ApplicationMonitoring exists true]]>
            </line>
            <line>
              <![CDATA[CallingQueue exists true]]>
            </line>
            <line>
              <![CDATA[PreventiveMaintenanceInbox exists true]]>
            </line>
            <line>
              <![CDATA[EmergencyLowDiskSpace exists true]]>
            </line>
            <line>
              <![CDATA[EmailTransactionMonitoring exists true]]>
            </line>
            <line>
              <![CDATA[VSSWriterAlerts exists true]]>
            </line>
            <line>
              <![CDATA[PCService exists true]]>
            </line>
            <line>
              <![CDATA[ServerProjects exists true]]>
            </line>
            <line>
              <![CDATA[LinuxDashboard exists true]]>
            </line>
            <line>
              <![CDATA[TechAdvantageDesktop exists true]]>
            </line>
            <line>
              <![CDATA[TechAdvantageServer exists true]]>
            </line>
            <line>
              <![CDATA[PSAMonitoringDashboard exists true]]>
            </line>
            <line>
              <![CDATA[SLADashboardAlert exists true]]>
            </line>
            <line>
              <![CDATA[SLADashboardTickets exists true]]>
            </line>
            <line>
              <![CDATA[PSTInbox exists true]]>
            </line>
            <line>
              <![CDATA[Mouse hovering over DashboardInbox]]>
            </line>
            <line>
              <![CDATA[DashboardInbox exists true]]>
            </line>
            <line>
              <![CDATA[PartnetCommunicationInbox exists true]]>
            </line>
            <line>
              <![CDATA[TeamboxShort exists true]]>
            </line>
            <line>
              <![CDATA[GlobalServiceDeskInbox exists true]]>
            </line>
            <line>
              <![CDATA[NocWorkflowRedesignBeta exists true]]>
            </line>
            <line>
              <![CDATA[ContinuumVaultDashboard exists true]]>
            </line>
            <line>
              <![CDATA[OffHRmaint exists true]]>
            </line>
            <line>
              <![CDATA[ServerAlerts exists true]]>
            </line>
            <line>
              <![CDATA[VeritasBackupAlert exists true]]>
            </line>
            <line>
              <![CDATA[CommonAlert exists true]]>
            </line>
            <line>
              <![CDATA[DeviceDownPreprocessing exists true]]>
            </line>
            <line>
              <![CDATA[AgentMalfunctionInbox exists true]]>
            </line>
            <line>
              <![CDATA[ApplicationMonitoring exists true]]>
            </line>
            <line>
              <![CDATA[CallingQueue exists true]]>
            </line>
            <line>
              <![CDATA[PreventiveMaintenanceInbox exists true]]>
            </line>
            <line>
              <![CDATA[EmergencyLowDiskSpace exists true]]>
            </line>
            <line>
              <![CDATA[EmailTransactionMonitoring exists true]]>
            </line>
            <line>
              <![CDATA[VSSWriterAlerts exists true]]>
            </line>
            <line>
              <![CDATA[PCService exists true]]>
            </line>
            <line>
              <![CDATA[ServerProjects exists true]]>
            </line>
            <line>
              <![CDATA[LinuxDashboard exists true]]>
            </line>
            <line>
              <![CDATA[TechAdvantageDesktop exists true]]>
            </line>
            <line>
              <![CDATA[TechAdvantageServer exists true]]>
            </line>
            <line>
              <![CDATA[PSAMonitoringDashboard exists true]]>
            </line>
            <line>
              <![CDATA[SLADashboardAlert exists true]]>
            </line>
            <line>
              <![CDATA[SLADashboardTickets exists true]]>
            </line>
            <line>
              <![CDATA[PSTInbox exists true]]>
            </line>
            <line>
              <![CDATA[Mouse hovering over QuickReports]]>
            </line>
            <line>
              <![CDATA[QuickReports exists true]]>
            </line>
            <line>
              <![CDATA[TicketReport exists true]]>
            </line>
            <line>
              <![CDATA[AlertReport exists true]]>
            </line>
            <line>
              <![CDATA[QRMNList exists true]]>
            </line>
            <line>
              <![CDATA[AlertsCount exists true]]>
            </line>
            <line>
              <![CDATA[EmergencyAlert exists true]]>
            </line>
            <line>
              <![CDATA[NOCDefinedApplication exists true]]>
            </line>
            <line>
              <![CDATA[UserPresenceAllocation exists true]]>
            </line>
            <line>
              <![CDATA[QRCallingQueue exists true]]>
            </line>
            <line>
              <![CDATA[ConditionalMonitoringReport exists true]]>
            </line>
            <line>
              <![CDATA[UserReview exists true]]>
            </line>
            <line>
              <![CDATA[MSOQuickSearch exists true]]>
            </line>
            <line>
              <![CDATA[MACAgentReport exists true]]>
            </line>
            <line>
              <![CDATA[RMMAgentReport exists true]]>
            </line>
            <line>
              <![CDATA[VaultAgentReport exists true]]>
            </line>
            <line>
              <![CDATA[MSPReasonCodesReport exists true]]>
            </line>
            <line>
              <![CDATA[HistoricalData exists true]]>
            </line>
            <line>
              <![CDATA[TicketSynclog exists true]]>
            </line>
            <line>
              <![CDATA[RMMVaultC247Reports exists true]]>
            </line>
            <line>
              <![CDATA[AlertTicketAgingReport exists true]]>
            </line>
            <line>
              <![CDATA[SLAMissedHourlyFlowReport exists true]]>
            </line>
            <line>
              <![CDATA[RightAnswersReport exists true]]>
            </line>
            <line>
              <![CDATA[RightAnswersReport exists true]]>
            </line>
            <line>
              <![CDATA[SubStatusReport exists true]]>
            </line>
            <line>
              <![CDATA[ServerProjectSubStatusReport exists true]]>
            </line>
            <line>
              <![CDATA[RightAnswerUtilization exists true]]>
            </line>
            <line>
              <![CDATA[Mouse hovering over QuickReports]]>
            </line>
            <line>
              <![CDATA[QuickReports exists true]]>
            </line>
            <line>
              <![CDATA[TicketReport exists true]]>
            </line>
            <line>
              <![CDATA[AlertReport exists true]]>
            </line>
            <line>
              <![CDATA[QRMNList exists true]]>
            </line>
            <line>
              <![CDATA[AlertsCount exists true]]>
            </line>
            <line>
              <![CDATA[EmergencyAlert exists true]]>
            </line>
            <line>
              <![CDATA[NOCDefinedApplication exists true]]>
            </line>
            <line>
              <![CDATA[UserPresenceAllocation exists true]]>
            </line>
            <line>
              <![CDATA[QRCallingQueue exists true]]>
            </line>
            <line>
              <![CDATA[ConditionalMonitoringReport exists true]]>
            </line>
            <line>
              <![CDATA[UserReview exists true]]>
            </line>
            <line>
              <![CDATA[MSOQuickSearch exists true]]>
            </line>
            <line>
              <![CDATA[MACAgentReport exists true]]>
            </line>
            <line>
              <![CDATA[RMMAgentReport exists true]]>
            </line>
            <line>
              <![CDATA[VaultAgentReport exists true]]>
            </line>
            <line>
              <![CDATA[MSPReasonCodesReport exists true]]>
            </line>
            <line>
              <![CDATA[HistoricalData exists true]]>
            </line>
            <line>
              <![CDATA[TicketSynclog exists true]]>
            </line>
            <line>
              <![CDATA[RMMVaultC247Reports exists true]]>
            </line>
            <line>
              <![CDATA[AlertTicketAgingReport exists true]]>
            </line>
            <line>
              <![CDATA[SLAMissedHourlyFlowReport exists true]]>
            </line>
            <line>
              <![CDATA[RightAnswersReport exists true]]>
            </line>
            <line>
              <![CDATA[RightAnswersReport exists true]]>
            </line>
            <line>
              <![CDATA[SubStatusReport exists true]]>
            </line>
            <line>
              <![CDATA[ServerProjectSubStatusReport exists true]]>
            </line>
            <line>
              <![CDATA[RightAnswerUtilization exists true]]>
            </line>
            <line>
              <![CDATA[*****  feature test has Passed *****]]>
            </line>
          </reporter-output>
        </test-method> <!-- feature -->
        <test-method status="PASS" signature="tearDownClass()[pri:0, instance:continuum.cucumber.testRunner.TestRunner@10c1a3b4]" name="tearDownClass" is-config="true" duration-ms="26997" started-at="2016-10-21T19:38:49Z" finished-at="2016-10-21T19:39:16Z">
          <reporter-output>
          </reporter-output>
        </test-method> <!-- tearDownClass -->
        <test-method status="PASS" signature="afterTest()[pri:0, instance:continuum.cucumber.testRunner.TestRunner@10c1a3b4]" name="afterTest" is-config="true" duration-ms="686" started-at="2016-10-21T19:39:16Z" finished-at="2016-10-21T19:39:17Z">
          <reporter-output>
          </reporter-output>
        </test-method> <!-- afterTest -->
      </class> <!-- continuum.cucumber.testRunner.TestRunner -->
      <class name="continuum.cucumber.testRunner.Runner">
        <test-method status="PASS" signature="setUpClass()[pri:0, instance:continuum.cucumber.testRunner.Runner@6245d652]" name="setUpClass" is-config="true" duration-ms="33" started-at="2016-10-21T19:39:16Z" finished-at="2016-10-21T19:39:16Z">
          <reporter-output>
          </reporter-output>
        </test-method> <!-- setUpClass -->
        <test-method status="PASS" signature="feature(cucumber.api.testng.CucumberFeatureWrapper)[pri:0, instance:continuum.cucumber.testRunner.Runner@6245d652]" name="feature" duration-ms="0" started-at="2016-10-21T19:39:16Z" description="Runs Cucumber Feature" data-provider="features" finished-at="2016-10-21T19:39:16Z">
          <params>
            <param index="0">
              <value>
                <![CDATA[As a user I want to check all sub Menus in all Main Menus of NOC Portal]]>
              </value>
            </param>
          </params>
          <reporter-output>
            <line>
              <![CDATA[*****  feature test has Passed *****]]>
            </line>
          </reporter-output>
        </test-method> <!-- feature -->
        <test-method status="PASS" signature="feature(cucumber.api.testng.CucumberFeatureWrapper)[pri:0, instance:continuum.cucumber.testRunner.Runner@6245d652]" name="feature" duration-ms="0" started-at="2016-10-21T19:39:16Z" description="Runs Cucumber Feature" data-provider="features" finished-at="2016-10-21T19:39:16Z">
          <params>
            <param index="0">
              <value>
                <![CDATA[As a user status I want to create ticket on NOC with different status]]>
              </value>
            </param>
          </params>
          <reporter-output>
            <line>
              <![CDATA[*****  feature test has Passed *****]]>
            </line>
          </reporter-output>
        </test-method> <!-- feature -->
        <test-method status="PASS" signature="feature(cucumber.api.testng.CucumberFeatureWrapper)[pri:0, instance:continuum.cucumber.testRunner.Runner@6245d652]" name="feature" duration-ms="0" started-at="2016-10-21T19:39:16Z" description="Runs Cucumber Feature" data-provider="features" finished-at="2016-10-21T19:39:16Z">
          <params>
            <param index="0">
              <value>
                <![CDATA[As a user status I want to create ticket on NOC with different status]]>
              </value>
            </param>
          </params>
          <reporter-output>
            <line>
              <![CDATA[*****  feature test has Passed *****]]>
            </line>
          </reporter-output>
        </test-method> <!-- feature -->
        <test-method status="PASS" signature="feature(cucumber.api.testng.CucumberFeatureWrapper)[pri:0, instance:continuum.cucumber.testRunner.Runner@6245d652]" name="feature" duration-ms="0" started-at="2016-10-21T19:39:16Z" description="Runs Cucumber Feature" data-provider="features" finished-at="2016-10-21T19:39:16Z">
          <params>
            <param index="0">
              <value>
                <![CDATA[As a user I can login to NOC portal with valid credentials so that only authorized user have]]>
              </value>
            </param>
          </params>
          <reporter-output>
            <line>
              <![CDATA[*****  feature test has Passed *****]]>
            </line>
          </reporter-output>
        </test-method> <!-- feature -->
      </class> <!-- continuum.cucumber.testRunner.Runner -->
    </test> <!-- PSA-Test -->
  </suite> <!-- BDTSuite -->
</testng-results>
