<?xml version="1.0" encoding="UTF-8"?>
<testsuite name="TestSuite" time="57.759" tests="1" errors="0" skipped="0" failures="1">
  <properties>
[...]
</properties>
  <testcase name="feature" classname="continuum.cucumber.testRunner.TestRunner" time="57.759">
    <failure message="java.lang.AssertionError: Not able to locate element : Generate New ticket btn with locator ://table[@class=&apos;dmSubmenu&apos;]//table[@id=&apos;dm0m6i2td&apos;]//td[contains(text(),&apos; Generate New Ticket &apos;)]" type="cucumber.runtime.CucumberException">cucumber.runtime.CucumberException: java.lang.AssertionError: Not able to locate element : Generate New ticket btn with locator ://table[@class='dmSubmenu']//table[@id='dm0m6i2td']//td[contains(text(),' Generate New Ticket ')]
	at org.openqa.selenium.remote.ErrorHandler.throwIfResponseFailed(ErrorHandler.java:138)
	at org.openqa.selenium.remote.RemoteWebDriver.execute(RemoteWebDriver.java:678)
	at org.openqa.selenium.remote.RemoteWebDriver.findElement(RemoteWebDriver.java:363)
	at org.openqa.selenium.remote.RemoteWebDriver.findElementByXPath(RemoteWebDriver.java:500)
	at org.openqa.selenium.By$ByXPath.findElement(By.java:361)
	at org.openqa.selenium.remote.RemoteWebDriver.findElement(RemoteWebDriver.java:355)
	at continuum.cucumber.WebdriverWrapper.getWebElement(WebdriverWrapper.java:110)
	at continuum.cucumber.WebdriverWrapper.clickUsingJavaScript(WebdriverWrapper.java:764)
	at continuum.cucumber.Page.NocHomePage.gotToGenerateTicket(NocHomePage.java:92)
	at continuum.cucumber.stepDefinations.StepDefinations.user_is_able_to_create_ticket_in_NOC_portal_for_with_status_in(StepDefinations.java:78)
	at sun.reflect.NativeMethodAccessorImpl.invoke0(Native Method)
	at sun.reflect.NativeMethodAccessorImpl.invoke(NativeMethodAccessorImpl.java:57)
	at sun.reflect.DelegatingMethodAccessorImpl.invoke(DelegatingMethodAccessorImpl.java:43)
	at java.lang.reflect.Method.invoke(Method.java:606)
	at cucumber.runtime.Utils$1.call(Utils.java:37)
	at cucumber.runtime.Timeout.timeout(Timeout.java:13)
	at cucumber.runtime.Utils.invoke(Utils.java:31)
	at cucumber.runtime.java.JavaStepDefinition.execute(JavaStepDefinition.java:38)
	at cucumber.runtime.StepDefinitionMatch.runStep(StepDefinitionMatch.java:37)
	at cucumber.runtime.Runtime.runStep(Runtime.java:299)
	at cucumber.runtime.model.StepContainer.runStep(StepContainer.java:44)
	at cucumber.runtime.model.StepContainer.runSteps(StepContainer.java:39)
	at cucumber.runtime.model.CucumberScenario.run(CucumberScenario.java:44)
	at cucumber.runtime.model.CucumberScenarioOutline.run(CucumberScenarioOutline.java:46)
	at cucumber.runtime.model.CucumberFeature.run(CucumberFeature.java:165)
	at cucumber.api.testng.TestNGCucumberRunner.runCucumber(TestNGCucumberRunner.java:63)
	at continuum.cucumber.testRunner.TestRunner.feature(TestRunner.java:73)
Caused by: org.openqa.selenium.NoSuchElementException: Unable to find element with xpath == //table[@class='dmSubmenu']//table[@id='dm0m6i2td']//td[contains(text(),' Generate New Ticket ')] (WARNING: The server did not provide any stacktrace information)
Command duration or timeout: 479 milliseconds
For documentation on this error, please visit: http://seleniumhq.org/exceptions/no_such_element.html
Build info: version: '2.53.1', revision: 'a36b8b1', time: '2016-06-30 17:37:03'
System info: host: 'RMM-LT-618', ip: '10.2.60.170', os.name: 'Windows 7', os.arch: 'amd64', os.version: '6.1', java.version: '1.7.0_79'
*** Element info: {Using=xpath, value=//table[@class='dmSubmenu']//table[@id='dm0m6i2td']//td[contains(text(),' Generate New Ticket ')]}
Session ID: 190e88d4-f4dd-4629-a2b9-66771e74e3bf
Driver info: org.openqa.selenium.ie.InternetExplorerDriver
Capabilities [{platform=WINDOWS, javascriptEnabled=true, elementScrollBehavior=0, ignoreZoomSetting=false, enablePersistentHover=false, ie.ensureCleanSession=false, browserName=internet explorer, enableElementCacheCleanup=true, unexpectedAlertBehaviour=dismiss, version=11, ie.usePerProcessProxy=false, ignoreProtectedModeSettings=true, cssSelectorsEnabled=true, requireWindowFocus=false, initialBrowserUrl=http://localhost:10022/, handlesAlerts=true, ie.forceCreateProcessApi=false, nativeEvents=true, browserAttachTimeout=0, ie.browserCommandLineSwitches=, takesScreenshot=true}]
For documentation on this error, please visit: http://seleniumhq.org/exceptions/no_such_element.html
Build info: version: '2.53.0', revision: '35ae25b1534ae328c771e0856c93e187490ca824', time: '2016-03-15 10:43:46'
System info: host: 'RMM-LT-618', ip: '10.2.60.170', os.name: 'Windows 7', os.arch: 'amd64', os.version: '6.1', java.version: '1.7.0_79'
Driver info: driver.version: EventFiringWebDriver
	at sun.reflect.NativeConstructorAccessorImpl.newInstance0(Native Method)
	at sun.reflect.NativeConstructorAccessorImpl.newInstance(Unknown Source)
	at sun.reflect.DelegatingConstructorAccessorImpl.newInstance(Unknown Source)
	at java.lang.reflect.Constructor.newInstance(Unknown Source)
	at org.openqa.selenium.remote.ErrorHandler.createThrowable(ErrorHandler.java:206)
	at org.openqa.selenium.remote.ErrorHandler.throwIfResponseFailed(ErrorHandler.java:158)
	at org.openqa.selenium.remote.RemoteWebDriver.execute(RemoteWebDriver.java:678)
	at org.openqa.selenium.remote.RemoteWebDriver.findElement(RemoteWebDriver.java:363)
	at org.openqa.selenium.remote.RemoteWebDriver.findElementByXPath(RemoteWebDriver.java:500)
	at org.openqa.selenium.By$ByXPath.findElement(By.java:361)
	at org.openqa.selenium.remote.RemoteWebDriver.findElement(RemoteWebDriver.java:355)
	at sun.reflect.GeneratedMethodAccessor68.invoke(Unknown Source)
	at sun.reflect.DelegatingMethodAccessorImpl.invoke(Unknown Source)
	at java.lang.reflect.Method.invoke(Unknown Source)
	at org.openqa.selenium.support.events.EventFiringWebDriver$2.invoke(EventFiringWebDriver.java:103)
	at com.sun.proxy.$Proxy6.findElement(Unknown Source)
	at org.openqa.selenium.support.events.EventFiringWebDriver.findElement(EventFiringWebDriver.java:188)
	at org.openqa.selenium.remote.server.handler.FindElement.call(FindElement.java:48)
	at org.openqa.selenium.remote.server.handler.FindElement.call(FindElement.java:1)
	at java.util.concurrent.FutureTask.run(Unknown Source)
	at org.openqa.selenium.remote.server.DefaultSession$1.run(DefaultSession.java:176)
	at java.util.concurrent.ThreadPoolExecutor.runWorker(Unknown Source)
	at java.util.concurrent.ThreadPoolExecutor$Worker.run(Unknown Source)
	at java.lang.Thread.run(Unknown Source)
</failure>
    <system-out><![CDATA[**************Executing scenario *********DemoSprint/NOCTicket.feature
Feature: As a user status I want to create ticket on NOC with different status

  @Test
  Scenario Outline: Verify ticket created in NOC                                                                        # DemoSprint/NOCTicket.feature:8
    When User is able to create ticket in NOC portal for "<Member>", "<Site>","<Resource>" with status in "<Datasheet>"
    Then Veirfy ticket created in Database

    Examples: 

  Background:                       # DemoSprint/NOCTicket.feature:3
    Given Open NOC application      # StepDefinations.openApplication()
    And User is login to NOC portal # StepDefinations.user_is_login_to_NOC_portal()
Not able to locate element : Generate New ticket btn with locator ://table[@class='dmSubmenu']//table[@id='dm0m6i2td']//td[contains(text(),' Generate New Ticket ')]

  @Test
  Scenario Outline: Verify ticket created in NOC                                                                           # DemoSprint/NOCTicket.feature:15
    When User is able to create ticket in NOC portal for "PSADTTM6", "PSADTM6-site1","VOREX2" with status in "<Datasheet>" # StepDefinations.user_is_able_to_create_ticket_in_NOC_portal_for_with_status_in(String,String,String,String)
      java.lang.AssertionError: Not able to locate element : Generate New ticket btn with locator ://table[@class='dmSubmenu']//table[@id='dm0m6i2td']//td[contains(text(),' Generate New Ticket ')]
      	at org.testng.Assert.fail(Assert.java:83)
      	at continuum.cucumber.WebdriverWrapper.getWebElement(WebdriverWrapper.java:125)
      	at continuum.cucumber.WebdriverWrapper.clickUsingJavaScript(WebdriverWrapper.java:764)
      	at continuum.cucumber.Page.NocHomePage.gotToGenerateTicket(NocHomePage.java:92)
      	at continuum.cucumber.stepDefinations.StepDefinations.user_is_able_to_create_ticket_in_NOC_portal_for_with_status_in(StepDefinations.java:78)
      	at ?.When User is able to create ticket in NOC portal for "PSADTTM6", "PSADTM6-site1","VOREX2" with status in "<Datasheet>"(DemoSprint/NOCTicket.feature:9)
      Caused by: org.openqa.selenium.NoSuchElementException: Unable to find element with xpath == //table[@class='dmSubmenu']//table[@id='dm0m6i2td']//td[contains(text(),' Generate New Ticket ')] (WARNING: The server did not provide any stacktrace information)
      Command duration or timeout: 479 milliseconds
      For documentation on this error, please visit: http://seleniumhq.org/exceptions/no_such_element.html
      Build info: version: '2.53.1', revision: 'a36b8b1', time: '2016-06-30 17:37:03'
      System info: host: 'RMM-LT-618', ip: '10.2.60.170', os.name: 'Windows 7', os.arch: 'amd64', os.version: '6.1', java.version: '1.7.0_79'
      *** Element info: {Using=xpath, value=//table[@class='dmSubmenu']//table[@id='dm0m6i2td']//td[contains(text(),' Generate New Ticket ')]}
      Session ID: 190e88d4-f4dd-4629-a2b9-66771e74e3bf
      Driver info: org.openqa.selenium.ie.InternetExplorerDriver
      Capabilities [{platform=WINDOWS, javascriptEnabled=true, elementScrollBehavior=0, ignoreZoomSetting=false, enablePersistentHover=false, ie.ensureCleanSession=false, browserName=internet explorer, enableElementCacheCleanup=true, unexpectedAlertBehaviour=dismiss, version=11, ie.usePerProcessProxy=false, ignoreProtectedModeSettings=true, cssSelectorsEnabled=true, requireWindowFocus=false, initialBrowserUrl=http://localhost:10022/, handlesAlerts=true, ie.forceCreateProcessApi=false, nativeEvents=true, browserAttachTimeout=0, ie.browserCommandLineSwitches=, takesScreenshot=true}]
      Command duration or timeout: 2.77 seconds
      For documentation on this error, please visit: http://seleniumhq.org/exceptions/no_such_element.html
      Build info: version: '2.53.0', revision: '35ae25b1534ae328c771e0856c93e187490ca824', time: '2016-03-15 10:43:46'
      System info: host: 'RMM-LT-618', ip: '10.2.60.170', os.name: 'Windows 7', os.arch: 'amd64', os.version: '6.1', java.version: '1.7.0_79'
      *** Element info: {Using=xpath, value=//table[@class='dmSubmenu']//table[@id='dm0m6i2td']//td[contains(text(),' Generate New Ticket ')]}
      Session ID: c115e63e-9bce-4088-88c1-b3cdc9c22c37
      Driver info: org.openqa.selenium.remote.RemoteWebDriver
      Capabilities [{platform=WINDOWS, javascriptEnabled=true, elementScrollBehavior=0, ignoreZoomSetting=false, enablePersistentHover=false, ie.ensureCleanSession=false, browserName=internet explorer, enableElementCacheCleanup=true, unexpectedAlertBehaviour=dismiss, webdriver.remote.sessionid=c115e63e-9bce-4088-88c1-b3cdc9c22c37, version=11, ie.usePerProcessProxy=false, ignoreProtectedModeSettings=true, cssSelectorsEnabled=true, requireWindowFocus=false, initialBrowserUrl=http://localhost:10022/, handlesAlerts=true, ie.forceCreateProcessApi=false, nativeEvents=true, browserAttachTimeout=0, ie.browserCommandLineSwitches=, takesScreenshot=true}]
      	at sun.reflect.NativeConstructorAccessorImpl.newInstance0(Native Method)
      	at sun.reflect.NativeConstructorAccessorImpl.newInstance(NativeConstructorAccessorImpl.java:57)
      	at sun.reflect.DelegatingConstructorAccessorImpl.newInstance(DelegatingConstructorAccessorImpl.java:45)
      	at java.lang.reflect.Constructor.newInstance(Constructor.java:526)
      	at org.openqa.selenium.remote.ErrorHandler.createThrowable(ErrorHandler.java:206)
      	at org.openqa.selenium.remote.ErrorHandler.throwIfResponseFailed(ErrorHandler.java:158)
      	at org.openqa.selenium.remote.RemoteWebDriver.execute(RemoteWebDriver.java:678)
      	at org.openqa.selenium.remote.RemoteWebDriver.findElement(RemoteWebDriver.java:363)
      	at org.openqa.selenium.remote.RemoteWebDriver.findElementByXPath(RemoteWebDriver.java:500)
      	at org.openqa.selenium.By$ByXPath.findElement(By.java:361)
      	at org.openqa.selenium.remote.RemoteWebDriver.findElement(RemoteWebDriver.java:355)
      	at continuum.cucumber.WebdriverWrapper.getWebElement(WebdriverWrapper.java:110)
      	at continuum.cucumber.WebdriverWrapper.clickUsingJavaScript(WebdriverWrapper.java:764)
      	at continuum.cucumber.Page.NocHomePage.gotToGenerateTicket(NocHomePage.java:92)
      	at continuum.cucumber.stepDefinations.StepDefinations.user_is_able_to_create_ticket_in_NOC_portal_for_with_status_in(StepDefinations.java:78)
      	at sun.reflect.NativeMethodAccessorImpl.invoke0(Native Method)
      	at sun.reflect.NativeMethodAccessorImpl.invoke(NativeMethodAccessorImpl.java:57)
      	at sun.reflect.DelegatingMethodAccessorImpl.invoke(DelegatingMethodAccessorImpl.java:43)
      	at java.lang.reflect.Method.invoke(Method.java:606)
      	at cucumber.runtime.Utils$1.call(Utils.java:37)
      	at cucumber.runtime.Timeout.timeout(Timeout.java:13)
      	at cucumber.runtime.Utils.invoke(Utils.java:31)
      	at cucumber.runtime.java.JavaStepDefinition.execute(JavaStepDefinition.java:38)
      	at cucumber.runtime.StepDefinitionMatch.runStep(StepDefinitionMatch.java:37)
      	at cucumber.runtime.Runtime.runStep(Runtime.java:299)
      	at cucumber.runtime.model.StepContainer.runStep(StepContainer.java:44)
      	at cucumber.runtime.model.StepContainer.runSteps(StepContainer.java:39)
      	at cucumber.runtime.model.CucumberScenario.run(CucumberScenario.java:44)
      	at cucumber.runtime.model.CucumberScenarioOutline.run(CucumberScenarioOutline.java:46)
      	at cucumber.runtime.model.CucumberFeature.run(CucumberFeature.java:165)
      	at cucumber.api.testng.TestNGCucumberRunner.runCucumber(TestNGCucumberRunner.java:63)
      	at continuum.cucumber.testRunner.TestRunner.feature(TestRunner.java:73)
      	at sun.reflect.NativeMethodAccessorImpl.invoke0(Native Method)
      	at sun.reflect.NativeMethodAccessorImpl.invoke(NativeMethodAccessorImpl.java:57)
      	at sun.reflect.DelegatingMethodAccessorImpl.invoke(DelegatingMethodAccessorImpl.java:43)
      	at java.lang.reflect.Method.invoke(Method.java:606)
      	at org.testng.internal.MethodInvocationHelper.invokeMethod(MethodInvocationHelper.java:86)
      	at org.testng.internal.Invoker.invokeMethod(Invoker.java:643)
      	at org.testng.internal.Invoker.invokeTestMethod(Invoker.java:820)
      	at org.testng.internal.Invoker.invokeTestMethods(Invoker.java:1128)
      	at org.testng.internal.TestMethodWorker.invokeTestMethods(TestMethodWorker.java:129)
      	at org.testng.internal.TestMethodWorker.run(TestMethodWorker.java:112)
      	at org.testng.TestRunner.privateRun(TestRunner.java:782)
      	at org.testng.TestRunner.run(TestRunner.java:632)
      	at org.testng.SuiteRunner.runTest(SuiteRunner.java:366)
      	at org.testng.SuiteRunner.runSequentially(SuiteRunner.java:361)
      	at org.testng.SuiteRunner.privateRun(SuiteRunner.java:319)
      	at org.testng.SuiteRunner.run(SuiteRunner.java:268)
      	at org.testng.SuiteRunnerWorker.runSuite(SuiteRunnerWorker.java:52)
      	at org.testng.SuiteRunnerWorker.run(SuiteRunnerWorker.java:86)
      	at org.testng.TestNG.runSuitesSequentially(TestNG.java:1244)
      	at org.testng.TestNG.runSuitesLocally(TestNG.java:1169)
      	at org.testng.TestNG.run(TestNG.java:1064)
      	at org.apache.maven.surefire.testng.TestNGExecutor.run(TestNGExecutor.java:295)
      	at org.apache.maven.surefire.testng.TestNGXmlTestSuite.execute(TestNGXmlTestSuite.java:84)
      	at org.apache.maven.surefire.testng.TestNGProvider.invoke(TestNGProvider.java:90)
      	at org.apache.maven.surefire.booter.ForkedBooter.invokeProviderInSameClassLoader(ForkedBooter.java:203)
      	at org.apache.maven.surefire.booter.ForkedBooter.runSuitesInProcess(ForkedBooter.java:155)
      	at org.apache.maven.surefire.booter.ForkedBooter.main(ForkedBooter.java:103)
      Caused by: org.openqa.selenium.remote.ScreenshotException: Screen shot has been taken
      Build info: version: '2.53.0', revision: '35ae25b1534ae328c771e0856c93e187490ca824', time: '2016-03-15 10:43:46'
      System info: host: 'RMM-LT-618', ip: '10.2.60.170', os.name: 'Windows 7', os.arch: 'amd64', os.version: '6.1', java.version: '1.7.0_79'
      Driver info: driver.version: RemoteWebDriver
      	at org.openqa.selenium.remote.ErrorHandler.throwIfResponseFailed(ErrorHandler.java:138)
      	... 53 more
      Caused by: org.openqa.selenium.NoSuchElementException: Unable to find element with xpath == //table[@class='dmSubmenu']//table[@id='dm0m6i2td']//td[contains(text(),' Generate New Ticket ')] (WARNING: The server did not provide any stacktrace information)
      Command duration or timeout: 479 milliseconds
      For documentation on this error, please visit: http://seleniumhq.org/exceptions/no_such_element.html
      Build info: version: '2.53.1', revision: 'a36b8b1', time: '2016-06-30 17:37:03'
      System info: host: 'RMM-LT-618', ip: '10.2.60.170', os.name: 'Windows 7', os.arch: 'amd64', os.version: '6.1', java.version: '1.7.0_79'
      *** Element info: {Using=xpath, value=//table[@class='dmSubmenu']//table[@id='dm0m6i2td']//td[contains(text(),' Generate New Ticket ')]}
      Session ID: 190e88d4-f4dd-4629-a2b9-66771e74e3bf
      Driver info: org.openqa.selenium.ie.InternetExplorerDriver
      Capabilities [{platform=WINDOWS, javascriptEnabled=true, elementScrollBehavior=0, ignoreZoomSetting=false, enablePersistentHover=false, ie.ensureCleanSession=false, browserName=internet explorer, enableElementCacheCleanup=true, unexpectedAlertBehaviour=dismiss, version=11, ie.usePerProcessProxy=false, ignoreProtectedModeSettings=true, cssSelectorsEnabled=true, requireWindowFocus=false, initialBrowserUrl=http://localhost:10022/, handlesAlerts=true, ie.forceCreateProcessApi=false, nativeEvents=true, browserAttachTimeout=0, ie.browserCommandLineSwitches=, takesScreenshot=true}]
      For documentation on this error, please visit: http://seleniumhq.org/exceptions/no_such_element.html
      Build info: version: '2.53.0', revision: '35ae25b1534ae328c771e0856c93e187490ca824', time: '2016-03-15 10:43:46'
      System info: host: 'RMM-LT-618', ip: '10.2.60.170', os.name: 'Windows 7', os.arch: 'amd64', os.version: '6.1', java.version: '1.7.0_79'
      Driver info: driver.version: EventFiringWebDriver
      	at sun.reflect.NativeConstructorAccessorImpl.newInstance0(Native Method)
      	at sun.reflect.NativeConstructorAccessorImpl.newInstance(Unknown Source)
      	at sun.reflect.DelegatingConstructorAccessorImpl.newInstance(Unknown Source)
      	at java.lang.reflect.Constructor.newInstance(Unknown Source)
      	at org.openqa.selenium.remote.ErrorHandler.createThrowable(ErrorHandler.java:206)
      	at org.openqa.selenium.remote.ErrorHandler.throwIfResponseFailed(ErrorHandler.java:158)
      	at org.openqa.selenium.remote.RemoteWebDriver.execute(RemoteWebDriver.java:678)
      	at org.openqa.selenium.remote.RemoteWebDriver.findElement(RemoteWebDriver.java:363)
      	at org.openqa.selenium.remote.RemoteWebDriver.findElementByXPath(RemoteWebDriver.java:500)
      	at org.openqa.selenium.By$ByXPath.findElement(By.java:361)
      	at org.openqa.selenium.remote.RemoteWebDriver.findElement(RemoteWebDriver.java:355)
      	at sun.reflect.GeneratedMethodAccessor68.invoke(Unknown Source)
      	at sun.reflect.DelegatingMethodAccessorImpl.invoke(Unknown Source)
      	at java.lang.reflect.Method.invoke(Unknown Source)
      	at org.openqa.selenium.support.events.EventFiringWebDriver$2.invoke(EventFiringWebDriver.java:103)
      	at com.sun.proxy.$Proxy6.findElement(Unknown Source)
      	at org.openqa.selenium.support.events.EventFiringWebDriver.findElement(EventFiringWebDriver.java:188)
      	at org.openqa.selenium.remote.server.handler.FindElement.call(FindElement.java:48)
      	at org.openqa.selenium.remote.server.handler.FindElement.call(FindElement.java:1)
      	at java.util.concurrent.FutureTask.run(Unknown Source)
      	at org.openqa.selenium.remote.server.DefaultSession$1.run(DefaultSession.java:176)
      	at java.util.concurrent.ThreadPoolExecutor.runWorker(Unknown Source)
      	at java.util.concurrent.ThreadPoolExecutor$Worker.run(Unknown Source)
      	at java.lang.Thread.run(Unknown Source)

    Then Veirfy ticket created in Database                                                                                 # StepDefinations.veirfy_ticket_created_in_Database()
]]></system-out>
    <system-err><![CDATA[log4j:WARN No appenders could be found for logger (org.apache.http.client.protocol.RequestAddCookies).
log4j:WARN Please initialize the log4j system properly.
log4j:WARN See http://logging.apache.org/log4j/1.2/faq.html#noconfig for more info.
]]></system-err>
  </testcase>
</testsuite>