<?xml version="1.0" encoding="UTF-8"?>
<testng-results skipped="0" failed="1" total="4" passed="3">
  <reporter-output>
    <line>
      <![CDATA[Opening application with urlhttps://noc.dtitsupport247.net]]>
    </line>
    <line>
      <![CDATA[Log in to NOC application]]>
    </line>
    <line>
      <![CDATA[Enter login credentials  to ITS portal]]>
    </line>
    <line>
      <![CDATA[Writing user_sdmto Login email id textbox]]>
    </line>
    <line>
      <![CDATA[Writing sdm@1234to Login password text box]]>
    </line>
    <line>
      <![CDATA[Clicking on  Login button]]>
    </line>
    <line>
      <![CDATA[*****  feature test has Failed *****]]>
    </line>
    <line>
      <![CDATA[<br> <a target ="_blank"href="file:///C:\Users\sneha.chemburkar\Documents\GitHub\BDTFrameWork\BDTAutomationCommonFramework\NOCAutomation\NOCAutomation\target\Screenshots\null17_Oct_2016__04_35_10PM.jpg"><img src="file:///C:\Users\sneha.chemburkar\Documents\GitHub\BDTFrameWork\BDTAutomationCommonFramework\NOCAutomation\NOCAutomation\target\Screenshots\null17_Oct_2016__04_35_10PM.jpg"alt="screenshot Not available"height="400"width="400"></a>]]>
    </line>
    <line>
      <![CDATA[Screenshot can be found : file:///C:\Users\sneha.chemburkar\Documents\GitHub\BDTFrameWork\BDTAutomationCommonFramework\NOCAutomation\NOCAutomation\target\Screenshots\null17_Oct_2016__04_35_10PM.jpg]]>
    </line>
    <line>
      <![CDATA[*****  feature test has Passed *****]]>
    </line>
    <line>
      <![CDATA[*****  feature test has Passed *****]]>
    </line>
    <line>
      <![CDATA[*****  feature test has Passed *****]]>
    </line>
  </reporter-output>
  <suite name="BDTSuite" duration-ms="48546" started-at="2016-10-17T11:04:29Z" finished-at="2016-10-17T11:05:17Z">
    <groups>
      <group name="cucumber">
        <method signature="Runner.feature(cucumber.api.testng.CucumberFeatureWrapper)[pri:0, instance:continuum.cucumber.testRunner.Runner@539ac6d9]" name="feature" class="continuum.cucumber.testRunner.Runner"/>
        <method signature="TestRunner.feature(cucumber.api.testng.CucumberFeatureWrapper)[pri:0, instance:continuum.cucumber.testRunner.TestRunner@3a9e7c70]" name="feature" class="continuum.cucumber.testRunner.TestRunner"/>
      </group> <!-- cucumber -->
    </groups>
    <test name="PSA-Test" duration-ms="48546" started-at="2016-10-17T11:04:29Z" finished-at="2016-10-17T11:05:17Z">
      <class name="continuum.cucumber.testRunner.TestRunner">
        <test-method status="PASS" signature="beforeTest()[pri:0, instance:continuum.cucumber.testRunner.TestRunner@3a9e7c70]" name="beforeTest" is-config="true" duration-ms="5430" started-at="2016-10-17T16:34:30Z" finished-at="2016-10-17T16:34:36Z">
          <reporter-output>
          </reporter-output>
        </test-method> <!-- beforeTest -->
        <test-method status="PASS" signature="setUpClass()[pri:0, instance:continuum.cucumber.testRunner.TestRunner@3a9e7c70]" name="setUpClass" is-config="true" duration-ms="246" started-at="2016-10-17T16:34:36Z" finished-at="2016-10-17T16:34:36Z">
          <reporter-output>
          </reporter-output>
        </test-method> <!-- setUpClass -->
        <test-method status="FAIL" signature="feature(cucumber.api.testng.CucumberFeatureWrapper)[pri:0, instance:continuum.cucumber.testRunner.TestRunner@3a9e7c70]" name="feature" duration-ms="33699" started-at="2016-10-17T16:34:36Z" description="Runs Cucumber Feature" data-provider="features" finished-at="2016-10-17T16:35:10Z">
          <params>
            <param index="0">
              <value>
                <![CDATA[As a user status I want to create ticket on NOC with different status]]>
              </value>
            </param>
          </params>
          <exception class="cucumber.runtime.CucumberException">
            <message>
              <![CDATA[java.lang.AssertionError: Not able to locate element : Close btn on popup with locator ://div[@id='highslide-wrapper-0']/div/div/div/div/ul/li[4]/a]]>
            </message>
            <full-stacktrace>
              <![CDATA[cucumber.runtime.CucumberException: java.lang.AssertionError: Not able to locate element : Close btn on popup with locator ://div[@id='highslide-wrapper-0']/div/div/div/div/ul/li[4]/a
	at cucumber.api.testng.TestNGCucumberRunner.runCucumber(TestNGCucumberRunner.java:69)
	at continuum.cucumber.testRunner.TestRunner.feature(TestRunner.java:73)
	at sun.reflect.NativeMethodAccessorImpl.invoke0(Native Method)
	at sun.reflect.NativeMethodAccessorImpl.invoke(Unknown Source)
	at sun.reflect.DelegatingMethodAccessorImpl.invoke(Unknown Source)
	at java.lang.reflect.Method.invoke(Unknown Source)
	at org.testng.internal.MethodInvocationHelper.invokeMethod(MethodInvocationHelper.java:86)
	at org.testng.internal.Invoker.invokeMethod(Invoker.java:643)
	at org.testng.internal.Invoker.invokeTestMethod(Invoker.java:820)
	at org.testng.internal.Invoker.invokeTestMethods(Invoker.java:1128)
	at org.testng.internal.TestMethodWorker.invokeTestMethods(TestMethodWorker.java:129)
	at org.testng.internal.TestMethodWorker.run(TestMethodWorker.java:112)
	at org.testng.TestRunner.privateRun(TestRunner.java:782)
	at org.testng.TestRunner.run(TestRunner.java:632)
	at org.testng.SuiteRunner.runTest(SuiteRunner.java:366)
	at org.testng.SuiteRunner.runSequentially(SuiteRunner.java:361)
	at org.testng.SuiteRunner.privateRun(SuiteRunner.java:319)
	at org.testng.SuiteRunner.run(SuiteRunner.java:268)
	at org.testng.SuiteRunnerWorker.runSuite(SuiteRunnerWorker.java:52)
	at org.testng.SuiteRunnerWorker.run(SuiteRunnerWorker.java:86)
	at org.testng.TestNG.runSuitesSequentially(TestNG.java:1244)
	at org.testng.TestNG.runSuitesLocally(TestNG.java:1169)
	at org.testng.TestNG.run(TestNG.java:1064)
	at org.testng.remote.AbstractRemoteTestNG.run(AbstractRemoteTestNG.java:126)
	at org.testng.remote.RemoteTestNG.initAndRun(RemoteTestNG.java:152)
	at org.testng.remote.RemoteTestNG.main(RemoteTestNG.java:57)
Caused by: java.lang.AssertionError: Not able to locate element : Close btn on popup with locator ://div[@id='highslide-wrapper-0']/div/div/div/div/ul/li[4]/a
	at org.testng.Assert.fail(Assert.java:83)
	at continuum.cucumber.WebdriverWrapper.getWebElement(WebdriverWrapper.java:125)
	at continuum.cucumber.WebdriverWrapper.clickElement(WebdriverWrapper.java:834)
	at continuum.cucumber.Page.NocHomePage.closePopup(NocHomePage.java:76)
	at continuum.cucumber.Page.NocHomePage.loginToNocPortal(NocHomePage.java:63)
	at continuum.cucumber.stepDefinations.StepDefinations.user_is_login_to_NOC_portal(StepDefinations.java:70)
	at ✽.And User is login to NOC portal(BVT/GenerateTicketBVT.feature:5)
Caused by: org.openqa.selenium.NoSuchElementException: Unable to find element with xpath == //div[@id='highslide-wrapper-0']/div/div/div/div/ul/li[4]/a (WARNING: The server did not provide any stacktrace information)
Command duration or timeout: 360 milliseconds
For documentation on this error, please visit: http://seleniumhq.org/exceptions/no_such_element.html
Build info: version: '2.53.1', revision: 'a36b8b1', time: '2016-06-30 17:37:03'
System info: host: 'RMM-LT-618', ip: '10.2.60.170', os.name: 'Windows 7', os.arch: 'amd64', os.version: '6.1', java.version: '1.7.0_79'
*** Element info: {Using=xpath, value=//div[@id='highslide-wrapper-0']/div/div/div/div/ul/li[4]/a}
Session ID: b42f64ed-d205-4602-87d4-530f37f12a3c
Driver info: org.openqa.selenium.ie.InternetExplorerDriver
Capabilities [{platform=WINDOWS, javascriptEnabled=true, elementScrollBehavior=0, ignoreZoomSetting=false, enablePersistentHover=false, ie.ensureCleanSession=false, browserName=internet explorer, enableElementCacheCleanup=true, unexpectedAlertBehaviour=dismiss, version=11, ie.usePerProcessProxy=false, ignoreProtectedModeSettings=true, cssSelectorsEnabled=true, requireWindowFocus=false, initialBrowserUrl=http://localhost:34758/, handlesAlerts=true, ie.forceCreateProcessApi=false, nativeEvents=true, browserAttachTimeout=0, ie.browserCommandLineSwitches=, takesScreenshot=true}]
Command duration or timeout: 1.51 seconds
For documentation on this error, please visit: http://seleniumhq.org/exceptions/no_such_element.html
Build info: version: '2.53.0', revision: '35ae25b1534ae328c771e0856c93e187490ca824', time: '2016-03-15 10:43:46'
System info: host: 'RMM-LT-618', ip: '10.2.60.170', os.name: 'Windows 7', os.arch: 'amd64', os.version: '6.1', java.version: '1.7.0_79'
*** Element info: {Using=xpath, value=//div[@id='highslide-wrapper-0']/div/div/div/div/ul/li[4]/a}
Session ID: 1f114a39-d4e9-4aae-a7d1-43eaad6e9772
Driver info: org.openqa.selenium.remote.RemoteWebDriver
Capabilities [{platform=WINDOWS, javascriptEnabled=true, elementScrollBehavior=0, ignoreZoomSetting=false, enablePersistentHover=false, ie.ensureCleanSession=false, browserName=internet explorer, enableElementCacheCleanup=true, unexpectedAlertBehaviour=dismiss, webdriver.remote.sessionid=1f114a39-d4e9-4aae-a7d1-43eaad6e9772, version=11, ie.usePerProcessProxy=false, ignoreProtectedModeSettings=true, cssSelectorsEnabled=true, requireWindowFocus=false, initialBrowserUrl=http://localhost:34758/, handlesAlerts=true, ie.forceCreateProcessApi=false, nativeEvents=true, browserAttachTimeout=0, ie.browserCommandLineSwitches=, takesScreenshot=true}]
	at sun.reflect.NativeConstructorAccessorImpl.newInstance0(Native Method)
	at sun.reflect.NativeConstructorAccessorImpl.newInstance(Unknown Source)
	at sun.reflect.DelegatingConstructorAccessorImpl.newInstance(Unknown Source)
	at java.lang.reflect.Constructor.newInstance(Unknown Source)
	at org.openqa.selenium.remote.ErrorHandler.createThrowable(ErrorHandler.java:206)
	at org.openqa.selenium.remote.ErrorHandler.throwIfResponseFailed(ErrorHandler.java:158)
	at org.openqa.selenium.remote.RemoteWebDriver.execute(RemoteWebDriver.java:678)
	at org.openqa.selenium.remote.RemoteWebDriver.findElement(RemoteWebDriver.java:363)
	at org.openqa.selenium.remote.RemoteWebDriver.findElementByXPath(RemoteWebDriver.java:500)
	at org.openqa.selenium.By$ByXPath.findElement(By.java:361)
	at org.openqa.selenium.remote.RemoteWebDriver.findElement(RemoteWebDriver.java:355)
	at continuum.cucumber.WebdriverWrapper.getWebElement(WebdriverWrapper.java:110)
	at continuum.cucumber.WebdriverWrapper.clickElement(WebdriverWrapper.java:834)
	at continuum.cucumber.Page.NocHomePage.closePopup(NocHomePage.java:76)
	at continuum.cucumber.Page.NocHomePage.loginToNocPortal(NocHomePage.java:63)
	at continuum.cucumber.stepDefinations.StepDefinations.user_is_login_to_NOC_portal(StepDefinations.java:70)
	at sun.reflect.NativeMethodAccessorImpl.invoke0(Native Method)
	at sun.reflect.NativeMethodAccessorImpl.invoke(Unknown Source)
	at sun.reflect.DelegatingMethodAccessorImpl.invoke(Unknown Source)
	at java.lang.reflect.Method.invoke(Unknown Source)
	at cucumber.runtime.Utils$1.call(Utils.java:37)
	at cucumber.runtime.Timeout.timeout(Timeout.java:13)
	at cucumber.runtime.Utils.invoke(Utils.java:31)
	at cucumber.runtime.java.JavaStepDefinition.execute(JavaStepDefinition.java:38)
	at cucumber.runtime.StepDefinitionMatch.runStep(StepDefinitionMatch.java:37)
	at cucumber.runtime.Runtime.runStep(Runtime.java:299)
	at cucumber.runtime.model.StepContainer.runStep(StepContainer.java:44)
	at cucumber.runtime.model.StepContainer.runSteps(StepContainer.java:39)
	at cucumber.runtime.model.CucumberScenario.runBackground(CucumberScenario.java:59)
	at cucumber.runtime.model.CucumberScenario.run(CucumberScenario.java:42)
	at cucumber.runtime.model.CucumberScenarioOutline.run(CucumberScenarioOutline.java:46)
	at cucumber.runtime.model.CucumberFeature.run(CucumberFeature.java:165)
	at cucumber.api.testng.TestNGCucumberRunner.runCucumber(TestNGCucumberRunner.java:63)
	at continuum.cucumber.testRunner.TestRunner.feature(TestRunner.java:73)
	at sun.reflect.NativeMethodAccessorImpl.invoke0(Native Method)
	at sun.reflect.NativeMethodAccessorImpl.invoke(Unknown Source)
	at sun.reflect.DelegatingMethodAccessorImpl.invoke(Unknown Source)
	at java.lang.reflect.Method.invoke(Unknown Source)
	at org.testng.internal.MethodInvocationHelper.invokeMethod(MethodInvocationHelper.java:86)
	at org.testng.internal.Invoker.invokeMethod(Invoker.java:643)
	at org.testng.internal.Invoker.invokeTestMethod(Invoker.java:820)
	at org.testng.internal.Invoker.invokeTestMethods(Invoker.java:1128)
	at org.testng.internal.TestMethodWorker.invokeTestMethods(TestMethodWorker.java:129)
	at org.testng.internal.TestMethodWorker.run(TestMethodWorker.java:112)
	at org.testng.TestRunner.privateRun(TestRunner.java:782)
	at org.testng.TestRunner.run(TestRunner.java:632)
	at org.testng.SuiteRunner.runTest(SuiteRunner.java:366)
	at org.testng.SuiteRunner.runSequentially(SuiteRunner.java:361)
	at org.testng.SuiteRunner.privateRun(SuiteRunner.java:319)
	at org.testng.SuiteRunner.run(SuiteRunner.java:268)
	at org.testng.SuiteRunnerWorker.runSuite(SuiteRunnerWorker.java:52)
	at org.testng.SuiteRunnerWorker.run(SuiteRunnerWorker.java:86)
	at org.testng.TestNG.runSuitesSequentially(TestNG.java:1244)
	at org.testng.TestNG.runSuitesLocally(TestNG.java:1169)
	at org.testng.TestNG.run(TestNG.java:1064)
	at org.testng.remote.AbstractRemoteTestNG.run(AbstractRemoteTestNG.java:126)
	at org.testng.remote.RemoteTestNG.initAndRun(RemoteTestNG.java:152)
	at org.testng.remote.RemoteTestNG.main(RemoteTestNG.java:57)
Caused by: org.openqa.selenium.remote.ScreenshotException: Screen shot has been taken
Build info: version: '2.53.0', revision: '35ae25b1534ae328c771e0856c93e187490ca824', time: '2016-03-15 10:43:46'
System info: host: 'RMM-LT-618', ip: '10.2.60.170', os.name: 'Windows 7', os.arch: 'amd64', os.version: '6.1', java.version: '1.7.0_79'
Driver info: driver.version: RemoteWebDriver
	at org.openqa.selenium.remote.ErrorHandler.throwIfResponseFailed(ErrorHandler.java:138)
	... 52 more
Caused by: org.openqa.selenium.NoSuchElementException: Unable to find element with xpath == //div[@id='highslide-wrapper-0']/div/div/div/div/ul/li[4]/a (WARNING: The server did not provide any stacktrace information)
Command duration or timeout: 360 milliseconds
For documentation on this error, please visit: http://seleniumhq.org/exceptions/no_such_element.html
Build info: version: '2.53.1', revision: 'a36b8b1', time: '2016-06-30 17:37:03'
System info: host: 'RMM-LT-618', ip: '10.2.60.170', os.name: 'Windows 7', os.arch: 'amd64', os.version: '6.1', java.version: '1.7.0_79'
*** Element info: {Using=xpath, value=//div[@id='highslide-wrapper-0']/div/div/div/div/ul/li[4]/a}
Session ID: b42f64ed-d205-4602-87d4-530f37f12a3c
Driver info: org.openqa.selenium.ie.InternetExplorerDriver
Capabilities [{platform=WINDOWS, javascriptEnabled=true, elementScrollBehavior=0, ignoreZoomSetting=false, enablePersistentHover=false, ie.ensureCleanSession=false, browserName=internet explorer, enableElementCacheCleanup=true, unexpectedAlertBehaviour=dismiss, version=11, ie.usePerProcessProxy=false, ignoreProtectedModeSettings=true, cssSelectorsEnabled=true, requireWindowFocus=false, initialBrowserUrl=http://localhost:34758/, handlesAlerts=true, ie.forceCreateProcessApi=false, nativeEvents=true, browserAttachTimeout=0, ie.browserCommandLineSwitches=, takesScreenshot=true}]
For documentation on this error, please visit: http://seleniumhq.org/exceptions/no_such_element.html
Build info: version: '2.53.0', revision: '35ae25b1534ae328c771e0856c93e187490ca824', time: '2016-03-15 10:43:46'
System info: host: 'RMM-LT-618', ip: '10.2.60.170', os.name: 'Windows 7', os.arch: 'amd64', os.version: '6.1', java.version: '1.7.0_79'
Driver info: driver.version: EventFiringWebDriver
	at sun.reflect.NativeConstructorAccessorImpl.newInstance0(Native Method)
	at sun.reflect.NativeConstructorAccessorImpl.newInstance(Unknown Source)
	at sun.reflect.DelegatingConstructorAccessorImpl.newInstance(Unknown Source)
	at java.lang.reflect.Constructor.newInstance(Unknown Source)
	at org.openqa.selenium.remote.ErrorHandler.createThrowable(ErrorHandler.java:206)
	at org.openqa.selenium.remote.ErrorHandler.throwIfResponseFailed(ErrorHandler.java:158)
	at org.openqa.selenium.remote.RemoteWebDriver.execute(RemoteWebDriver.java:678)
	at org.openqa.selenium.remote.RemoteWebDriver.findElement(RemoteWebDriver.java:363)
	at org.openqa.selenium.remote.RemoteWebDriver.findElementByXPath(RemoteWebDriver.java:500)
	at org.openqa.selenium.By$ByXPath.findElement(By.java:361)
	at org.openqa.selenium.remote.RemoteWebDriver.findElement(RemoteWebDriver.java:355)
	at sun.reflect.NativeMethodAccessorImpl.invoke0(Native Method)
	at sun.reflect.NativeMethodAccessorImpl.invoke(Unknown Source)
	at sun.reflect.DelegatingMethodAccessorImpl.invoke(Unknown Source)
	at java.lang.reflect.Method.invoke(Unknown Source)
	at org.openqa.selenium.support.events.EventFiringWebDriver$2.invoke(EventFiringWebDriver.java:103)
	at com.sun.proxy.$Proxy1.findElement(Unknown Source)
	at org.openqa.selenium.support.events.EventFiringWebDriver.findElement(EventFiringWebDriver.java:188)
	at org.openqa.selenium.remote.server.handler.FindElement.call(FindElement.java:48)
	at org.openqa.selenium.remote.server.handler.FindElement.call(FindElement.java:1)
	at java.util.concurrent.FutureTask.run(Unknown Source)
	at org.openqa.selenium.remote.server.DefaultSession$1.run(DefaultSession.java:176)
	at java.util.concurrent.ThreadPoolExecutor.runWorker(Unknown Source)
	at java.util.concurrent.ThreadPoolExecutor$Worker.run(Unknown Source)
	at java.lang.Thread.run(Unknown Source)
]]>
            </full-stacktrace>
          </exception> <!-- cucumber.runtime.CucumberException -->
          <reporter-output>
            <line>
              <![CDATA[Opening application with urlhttps://noc.dtitsupport247.net]]>
            </line>
            <line>
              <![CDATA[Log in to NOC application]]>
            </line>
            <line>
              <![CDATA[Enter login credentials  to ITS portal]]>
            </line>
            <line>
              <![CDATA[Writing user_sdmto Login email id textbox]]>
            </line>
            <line>
              <![CDATA[Writing sdm@1234to Login password text box]]>
            </line>
            <line>
              <![CDATA[Clicking on  Login button]]>
            </line>
            <line>
              <![CDATA[*****  feature test has Failed *****]]>
            </line>
            <line>
              <![CDATA[<br> <a target ="_blank"href="file:///C:\Users\sneha.chemburkar\Documents\GitHub\BDTFrameWork\BDTAutomationCommonFramework\NOCAutomation\NOCAutomation\target\Screenshots\null17_Oct_2016__04_35_10PM.jpg"><img src="file:///C:\Users\sneha.chemburkar\Documents\GitHub\BDTFrameWork\BDTAutomationCommonFramework\NOCAutomation\NOCAutomation\target\Screenshots\null17_Oct_2016__04_35_10PM.jpg"alt="screenshot Not available"height="400"width="400"></a>]]>
            </line>
            <line>
              <![CDATA[Screenshot can be found : file:///C:\Users\sneha.chemburkar\Documents\GitHub\BDTFrameWork\BDTAutomationCommonFramework\NOCAutomation\NOCAutomation\target\Screenshots\null17_Oct_2016__04_35_10PM.jpg]]>
            </line>
          </reporter-output>
        </test-method> <!-- feature -->
        <test-method status="PASS" signature="tearDownClass()[pri:0, instance:continuum.cucumber.testRunner.TestRunner@3a9e7c70]" name="tearDownClass" is-config="true" duration-ms="6297" started-at="2016-10-17T16:35:10Z" finished-at="2016-10-17T16:35:16Z">
          <reporter-output>
          </reporter-output>
        </test-method> <!-- tearDownClass -->
        <test-method status="PASS" signature="afterTest()[pri:0, instance:continuum.cucumber.testRunner.TestRunner@3a9e7c70]" name="afterTest" is-config="true" duration-ms="975" started-at="2016-10-17T16:35:16Z" finished-at="2016-10-17T16:35:17Z">
          <reporter-output>
          </reporter-output>
        </test-method> <!-- afterTest -->
      </class> <!-- continuum.cucumber.testRunner.TestRunner -->
      <class name="continuum.cucumber.testRunner.Runner">
        <test-method status="PASS" signature="setUpClass()[pri:0, instance:continuum.cucumber.testRunner.Runner@539ac6d9]" name="setUpClass" is-config="true" duration-ms="28" started-at="2016-10-17T16:35:16Z" finished-at="2016-10-17T16:35:16Z">
          <reporter-output>
          </reporter-output>
        </test-method> <!-- setUpClass -->
        <test-method status="PASS" signature="feature(cucumber.api.testng.CucumberFeatureWrapper)[pri:0, instance:continuum.cucumber.testRunner.Runner@539ac6d9]" name="feature" duration-ms="1" started-at="2016-10-17T16:35:16Z" description="Runs Cucumber Feature" data-provider="features" finished-at="2016-10-17T16:35:16Z">
          <params>
            <param index="0">
              <value>
                <![CDATA[As a user status I want to create ticket on NOC with different status]]>
              </value>
            </param>
          </params>
          <reporter-output>
            <line>
              <![CDATA[*****  feature test has Passed *****]]>
            </line>
          </reporter-output>
        </test-method> <!-- feature -->
        <test-method status="PASS" signature="feature(cucumber.api.testng.CucumberFeatureWrapper)[pri:0, instance:continuum.cucumber.testRunner.Runner@539ac6d9]" name="feature" duration-ms="1" started-at="2016-10-17T16:35:16Z" description="Runs Cucumber Feature" data-provider="features" finished-at="2016-10-17T16:35:16Z">
          <params>
            <param index="0">
              <value>
                <![CDATA[As a user I can login to NOC portal with valid credentials so that only authorized user have]]>
              </value>
            </param>
          </params>
          <reporter-output>
            <line>
              <![CDATA[*****  feature test has Passed *****]]>
            </line>
          </reporter-output>
        </test-method> <!-- feature -->
        <test-method status="PASS" signature="feature(cucumber.api.testng.CucumberFeatureWrapper)[pri:0, instance:continuum.cucumber.testRunner.Runner@539ac6d9]" name="feature" duration-ms="1" started-at="2016-10-17T16:35:16Z" description="Runs Cucumber Feature" data-provider="features" finished-at="2016-10-17T16:35:16Z">
          <params>
            <param index="0">
              <value>
                <![CDATA[As a user status I want to create ticket on NOC with different status]]>
              </value>
            </param>
          </params>
          <reporter-output>
            <line>
              <![CDATA[*****  feature test has Passed *****]]>
            </line>
          </reporter-output>
        </test-method> <!-- feature -->
      </class> <!-- continuum.cucumber.testRunner.Runner -->
    </test> <!-- PSA-Test -->
  </suite> <!-- BDTSuite -->
</testng-results>
