<?xml version="1.0" encoding="UTF-8"?>
<!-- Generated by org.testng.reporters.JUnitXMLReporter -->
<testsuite hostname="RMM-LT-618" name="PSA-Test" tests="5" failures="0" timestamp="21 Oct 2016 14:09:17 GMT" time="126.068" errors="0">
  <testcase name="feature" time="92.367" classname="continuum.cucumber.testRunner.TestRunner"/>
  <testcase name="feature" time="0.0" classname="continuum.cucumber.testRunner.Runner"/>
  <testcase name="feature" time="0.0" classname="continuum.cucumber.testRunner.Runner"/>
  <testcase name="feature" time="0.0" classname="continuum.cucumber.testRunner.Runner"/>
  <testcase name="feature" time="0.0" classname="continuum.cucumber.testRunner.Runner"/>
</testsuite> <!-- PSA-Test -->
